
 Ansys Mechanical Enterprise Academic Student      


 *------------------------------------------------------------------*
 |                                                                  |
 |   W E L C O M E   T O   T H E   A N S Y S (R)  P R O G R A M     |
 |                                                                  |
 *------------------------------------------------------------------*




 ***************************************************************
 *         ANSYS MAPDL 2024 R2          LEGAL NOTICES          *
 ***************************************************************
 *                                                             *
 * Copyright 1971-2024 Ansys, Inc.  All rights reserved.       *
 * Unauthorized use, distribution or duplication is            *
 * prohibited.                                                 *
 *                                                             *
 * Ansys is a registered trademark of Ansys, Inc. or its       *
 * subsidiaries in the United States or other countries.       *
 * See the Ansys, Inc. online documentation or the Ansys, Inc. *
 * documentation CD or online help for the complete Legal      *
 * Notice.                                                     *
 *                                                             *
 ***************************************************************
 *                                                             *
 * THIS ANSYS SOFTWARE PRODUCT AND PROGRAM DOCUMENTATION       *
 * INCLUDE TRADE SECRETS AND CONFIDENTIAL AND PROPRIETARY      *
 * PRODUCTS OF ANSYS, INC., ITS SUBSIDIARIES, OR LICENSORS.    *
 * The software products and documentation are furnished by    *
 * Ansys, Inc. or its subsidiaries under a software license    *
 * agreement that contains provisions concerning               *
 * non-disclosure, copying, length and nature of use,          *
 * compliance with exporting laws, warranties, disclaimers,    *
 * limitations of liability, and remedies, and other           *
 * provisions.  The software products and documentation may be *
 * used, disclosed, transferred, or copied only in accordance  *
 * with the terms and conditions of that software license      *
 * agreement.                                                  *
 *                                                             *
 * Ansys, Inc. is a UL registered                              *
 * ISO 9001:2015 company.                                      *
 *                                                             *
 ***************************************************************
 *                                                             *
 * This product is subject to U.S. laws governing export and   *
 * re-export.                                                  *
 *                                                             *
 * For U.S. Government users, except as specifically granted   *
 * by the Ansys, Inc. software license agreement, the use,     *
 * duplication, or disclosure by the United States Government  *
 * is subject to restrictions stated in the Ansys, Inc.        *
 * software license agreement and FAR 12.212 (for non-DOD      *
 * licenses).                                                  *
 *                                                             *
 ***************************************************************

 2024 R2 
     
 Point Releases and Patches installed:   
     
 Ansys Service Pack 2024 R2.18282852 
 Discovery 2024 R2.18282852  
 Core WB Files 2024 R2.18282852  
 Ansys Dynamic Reporting 2024 R2.18282852
 SpaceClaim 2024 R2.18282852 
 CFX (includes CFD-Post) 2024 R2.18282852
 Chemkin 2024 R2.18282852
 EnSight 2024 R2.18282852
 FENSAP-ICE 2024 R2.18282852 
 Fluent (includes CFD-Post) 2024 R2.18282852 
 Polyflow (includes CFD-Post) 2024 R2.18282852   
 Forte (includes EnSight) 2024 R2.18282852   
 TurboGrid 2024 R2.18282852  
 ACIS Geometry Interface 2024 R2.18282852
 AutoCAD Geometry Interface 2024 R2.18282852 
 Catia, Version 4 Geometry Interface 2024 R2.18282852
 Catia, Version 5 Geometry Interface 2024 R2.18282852
 Catia, Version 6 Geometry Interface 2024 R2.18282852
 Creo Elements/Direct Modeling Geometry Interface 2024 R2.18282852   
 Creo Parametric Geometry Interface 2024 R2.18282852 
 Inventor Geometry Interface 2024 R2.18282852
 JTOpen Geometry Interface 2024 R2.18282852  
 NX Geometry Interface 2024 R2.18282852  
 Parasolid Geometry Interface  2024 R2.18282852  
 Solid Edge Geometry Interface 2024 R2.18282852  
 SOLIDWORKS Geometry Interface 2024 R2.18282852  
 Speos 2024 R2.18282852  
 Aqwa 2024 R2.18282852   
 Autodyn 2024 R2.18282852
 Material Calibration App 2024 R2.18282852   
 Customization Files for User Programmable Features 2024 R2.18282852 
 Mechanical Products 2024 R2.18282852
 Motion 2024 R2.18282852 
 Academic Student 2024 R2.18282852   


          *****  MAPDL COMMAND LINE ARGUMENTS  *****
  BATCH MODE REQUESTED (-b)    = NOLIST
  INPUT FILE COPY MODE (-c)    = COPY
  DISTRIBUTED MEMORY PARALLEL REQUESTED
       4 PARALLEL PROCESSES REQUESTED WITH SINGLE THREAD PER PROCESS
    TOTAL OF     4 CORES REQUESTED
  INPUT FILE NAME              = C:\Users\shrey\OneDrive\Desktop\Ansys\_ProjectScratch\Scr2C88\dummy.dat
  OUTPUT FILE NAME             = C:\Users\shrey\OneDrive\Desktop\Ansys\_ProjectScratch\Scr2C88\solve.out
  START-UP FILE MODE           = NOREAD
  STOP FILE MODE               = NOREAD

 RELEASE= 2024 R2              BUILD= 24.2      UP20240513   VERSION=WINDOWS x64 
 CURRENT JOBNAME=file0  21:46:38  NOV 20, 2024 CP=      0.000


 PARAMETER _DS_PROGRESS =     999.0000000    

 /INPUT FILE= ds.dat  LINE=       0



 *** NOTE ***                            CP =       0.094   TIME= 21:46:38
 The /CONFIG,NOELDB command is not valid in a distributed memory         
 parallel solution.  Command is ignored.                                 

 *GET  _WALLSTRT  FROM  ACTI  ITEM=TIME WALL  VALUE=  21.7772222    

 TITLE= 
 Heat Sink--Steady-State Thermal (A5)                                          

  ACT Extensions:
      LSDYNA, 2024.2
      5f463412-bd3e-484b-87e7-cbc0a665e474, wbex
 /COM,     ANSYSMotion, 2024.2
      20180725-3f81-49eb-9f31-41364844c769, wbex
  

 SET PARAMETER DIMENSIONS ON  _WB_PROJECTSCRATCH_DIR
  TYPE=STRI  DIMENSIONS=      248        1        1

 PARAMETER _WB_PROJECTSCRATCH_DIR(1) = C:\Users\shrey\OneDrive\Desktop\Ansys\_ProjectScratch\Scr2C88\

 SET PARAMETER DIMENSIONS ON  _WB_SOLVERFILES_DIR
  TYPE=STRI  DIMENSIONS=      248        1        1

 PARAMETER _WB_SOLVERFILES_DIR(1) = C:\Users\shrey\OneDrive\Desktop\Ansys\Heat Sink_files\dp0\SYS-2\MECH\

 SET PARAMETER DIMENSIONS ON  _WB_USERFILES_DIR
  TYPE=STRI  DIMENSIONS=      248        1        1

 PARAMETER _WB_USERFILES_DIR(1) = C:\Users\shrey\OneDrive\Desktop\Ansys\Heat Sink_files\user_files\
 --- Data in consistent MKS units. See Solving Units in the help system for more

 MKS UNITS SPECIFIED FOR INTERNAL    
  LENGTH        (l)  = METER (M)
  MASS          (M)  = KILOGRAM (KG)
  TIME          (t)  = SECOND (SEC)
  TEMPERATURE   (T)  = CELSIUS (C)
  TOFFSET            = 273.0
  CHARGE        (Q)  = COULOMB
  FORCE         (f)  = NEWTON (N) (KG-M/SEC2)
  HEAT               = JOULE (N-M)

  PRESSURE           = PASCAL (NEWTON/M**2)
  ENERGY        (W)  = JOULE (N-M)
  POWER         (P)  = WATT (N-M/SEC)
  CURRENT       (i)  = AMPERE (COULOMBS/SEC)
  CAPACITANCE   (C)  = FARAD
  INDUCTANCE    (L)  = HENRY
  MAGNETIC FLUX      = WEBER
  RESISTANCE    (R)  = OHM
  ELECTRIC POTENTIAL = VOLT

 INPUT  UNITS ARE ALSO SET TO MKS 

 *** MAPDL - ENGINEERING ANALYSIS SYSTEM  RELEASE 2024 R2          24.2     ***
 Ansys Mechanical Enterprise Academic Student      
 01055371  VERSION=WINDOWS x64   21:46:38  NOV 20, 2024 CP=      0.094

 Heat Sink--Steady-State Thermal (A5)                                          



          ***** MAPDL ANALYSIS DEFINITION (PREP7) *****
 *********** Nodes for the whole assembly ***********
 *********** Elements for Body 1 'fin v1-FreeParts|FIN' ***********
 *********** Send User Defined Coordinate System(s) ***********
 *********** Send Materials ***********
 *********** Create "Heat Flux" ***********
 *********** Create "ToAmbient" Radiation ***********
 ***************** Define Uniform Initial temperature ***************


 ***** ROUTINE COMPLETED *****  CP =         0.266


 --- Number of total nodes = 26748
 --- Number of contact elements = 8012
 --- Number of spring elements = 0
 --- Number of bearing elements = 0
 --- Number of solid elements = 13810
 --- Number of condensed parts = 0
 --- Number of total elements = 21822

 *GET  _WALLBSOL  FROM  ACTI  ITEM=TIME WALL  VALUE=  21.7775000    
 ****************************************************************************
 *************************    SOLUTION       ********************************
 ****************************************************************************

 *****  MAPDL SOLUTION ROUTINE  *****


 PERFORM A STATIC ANALYSIS
  THIS WILL BE A NEW ANALYSIS

 CONTACT INFORMATION PRINTOUT LEVEL       1

 CHECK INITIAL OPEN/CLOSED STATUS OF SELECTED CONTACT ELEMENTS
      AND LIST DETAILED CONTACT PAIR INFORMATION

 SPLIT CONTACT SURFACES AT SOLVE PHASE

    NUMBER OF SPLITTING TBD BY PROGRAM

 DO NOT SAVE ANY RESTART FILES AT ALL

 DO NOT COMBINE ELEMENT MATRIX FILES (.emat) AFTER DISTRIBUTED PARALLEL SOLUTION

 DO NOT COMBINE ELEMENT SAVE DATA FILES (.esav) AFTER DISTRIBUTED PARALLEL SOLUTION
 ****************************************************
 ******************* SOLVE FOR LS 1 OF 1 ****************

 SELECT       FOR ITEM=TYPE COMPONENT=    
  IN RANGE         2 TO          2 STEP          1

        824  ELEMENTS (OF      21822  DEFINED) SELECTED BY  ESEL  COMMAND.

 SELECT      ALL NODES HAVING ANY ELEMENT IN ELEMENT SET.

       1781 NODES (OF      26748  DEFINED) SELECTED FROM
      824 SELECTED ELEMENTS BY NSLE COMMAND.

 GENERATE SURFACE LOAD HFLU ON SURFACE DEFINED BY ALL SELECTED NODES
 VALUE =   1500.00000    

 NUMBER OF HFLU ELEMENT FACE LOADS STORED =        824

 ALL SELECT   FOR ITEM=NODE COMPONENT=    
  IN RANGE         1 TO      26748 STEP          1

      26748  NODES (OF      26748  DEFINED) SELECTED BY NSEL  COMMAND.

 ALL SELECT   FOR ITEM=ELEM COMPONENT=    
  IN RANGE         1 TO      29834 STEP          1

      21822  ELEMENTS (OF      21822  DEFINED) SELECTED BY  ESEL  COMMAND.

 SPECIFIED CONSTRAINT TEMP FOR PICKED NODES 
 REAL=  35.0000000       IMAG=  0.00000000    

 PRINTOUT RESUMED BY /GOP

 USE AUTOMATIC TIME STEPPING THIS LOAD STEP

 USE       1 SUBSTEPS INITIALLY THIS LOAD STEP FOR ALL  DEGREES OF FREEDOM
 FOR AUTOMATIC TIME STEPPING:
   USE     10 SUBSTEPS AS A MAXIMUM
   USE      1 SUBSTEPS AS A MINIMUM

 TIME=  1.0000    

 ERASE THE CURRENT DATABASE OUTPUT CONTROL TABLE.


 WRITE ALL  ITEMS TO THE DATABASE WITH A FREQUENCY OF NONE
   FOR ALL APPLICABLE ENTITIES

 WRITE NSOL ITEMS TO THE DATABASE WITH A FREQUENCY OF ALL 
   FOR ALL APPLICABLE ENTITIES

 WRITE RSOL ITEMS TO THE DATABASE WITH A FREQUENCY OF ALL 
   FOR ALL APPLICABLE ENTITIES

 WRITE EANG ITEMS TO THE DATABASE WITH A FREQUENCY OF ALL 
   FOR ALL APPLICABLE ENTITIES

 WRITE VENG ITEMS TO THE DATABASE WITH A FREQUENCY OF ALL 
   FOR ALL APPLICABLE ENTITIES

 WRITE FFLU ITEMS TO THE DATABASE WITH A FREQUENCY OF ALL 
   FOR ALL APPLICABLE ENTITIES

 WRITE CONT ITEMS TO THE DATABASE WITH A FREQUENCY OF ALL 
   FOR ALL APPLICABLE ENTITIES

 PRINTOUT RESUMED BY /GOP

 WRITE MISC ITEMS TO THE DATABASE WITH A FREQUENCY OF ALL 
   FOR THE ENTITIES DEFINED BY COMPONENT _ELMISC 

 CONVERGENCE ON HEAT BASED ON THE NORM OF THE N-R LOAD
   WITH A TOLERANCE OF 0.1000E-02 AND A MINIMUM REFERENCE VALUE OF 0.1000E-05
   USING THE L2 NORM (CHECK THE SRSS VALUE)

 *GET  ANSINTER_  FROM  ACTI  ITEM=INT        VALUE=  0.00000000    

 *IF  ANSINTER_  ( =   0.00000     )  NE  
      0  ( =   0.00000     )  THEN    

 *ENDIF

 *** NOTE ***                            CP =       0.422   TIME= 21:46:39
 The automatic domain decomposition logic has selected the MESH domain   
 decomposition method with 4 processes per solution.                     

 *****  MAPDL SOLVE    COMMAND  *****

 *** WARNING ***                         CP =       0.500   TIME= 21:46:39
 Element shape checking is currently inactive.  Issue SHPP,ON or         
 SHPP,WARN to reactivate, if desired.                                    

 *** NOTE ***                            CP =       0.562   TIME= 21:46:39
 The model data was checked and warning messages were found.             
  Please review output or errors file (                                  
 C:\Users\shrey\OneDrive\Desktop\Ansys\_ProjectScratch\Scr2C88\file0.err 
 r ) for these warning messages.                                         

 *** MAPDL - ENGINEERING ANALYSIS SYSTEM  RELEASE 2024 R2          24.2     ***
 Ansys Mechanical Enterprise Academic Student      
 01055371  VERSION=WINDOWS x64   21:46:39  NOV 20, 2024 CP=      0.562

 Heat Sink--Steady-State Thermal (A5)                                          



                       S O L U T I O N   O P T I O N S

   PROBLEM DIMENSIONALITY. . . . . . . . . . . . .3-D                  
   DEGREES OF FREEDOM. . . . . . TEMP
   ANALYSIS TYPE . . . . . . . . . . . . . . . . .STATIC (STEADY-STATE)
   OFFSET TEMPERATURE FROM ABSOLUTE ZERO . . . . .  273.15    
   NEWTON-RAPHSON OPTION . . . . . . . . . . . . .PROGRAM CHOSEN   
   GLOBALLY ASSEMBLED MATRIX . . . . . . . . . . .SYMMETRIC  

 *** NOTE ***                            CP =       0.594   TIME= 21:46:39
 This nonlinear analysis defaults to using the full Newton-Raphson       
 solution procedure.  This can be modified using the NROPT command.      

 *** NOTE ***                            CP =       0.594   TIME= 21:46:39
 The conditions for direct assembly have been met.  No .emat or .erot    
 files will be produced.                                                 

  
  
     D I S T R I B U T E D   D O M A I N   D E C O M P O S E R
  
  ...Number of elements: 21822
  ...Number of nodes:    26748
  ...Decompose to 4 CPU domains
  ...Element load balance ratio =     1.004


                      L O A D   S T E P   O P T I O N S

   LOAD STEP NUMBER. . . . . . . . . . . . . . . .     1
   TIME AT END OF THE LOAD STEP. . . . . . . . . .  1.0000    
   AUTOMATIC TIME STEPPING . . . . . . . . . . . .    ON
      INITIAL NUMBER OF SUBSTEPS . . . . . . . . .     1
      MAXIMUM NUMBER OF SUBSTEPS . . . . . . . . .    10
      MINIMUM NUMBER OF SUBSTEPS . . . . . . . . .     1
   MAXIMUM NUMBER OF EQUILIBRIUM ITERATIONS. . . .    15
   STEP CHANGE BOUNDARY CONDITIONS . . . . . . . .    NO
   TERMINATE ANALYSIS IF NOT CONVERGED . . . . . .YES (EXIT)  
   CONVERGENCE CONTROLS
      LABEL   REFERENCE    TOLERANCE  NORM     MINREF
       HEAT    0.000       0.1000E-02   2     0.1000E-05
   PRINT OUTPUT CONTROLS . . . . . . . . . . . . .NO PRINTOUT
   DATABASE OUTPUT CONTROLS
      ITEM     FREQUENCY   COMPONENT
       ALL       NONE               
      NSOL        ALL               
      RSOL        ALL               
      EANG        ALL               
      VENG        ALL               
      FFLU        ALL               
      CONT        ALL               
      MISC        ALL       _ELMISC 


 SOLUTION MONITORING INFO IS WRITTEN TO FILE= file.mntr                                                                                                                                                                                                                                                           




            **** CENTER OF MASS, MASS, AND MASS MOMENTS OF INERTIA ****

  CALCULATIONS ASSUME ELEMENT MASS AT ELEMENT CENTROID

  TOTAL MASS =  0.19698    

                           MOM. OF INERTIA         MOM. OF INERTIA
  CENTER OF MASS            ABOUT ORIGIN        ABOUT CENTER OF MASS

  XC =  0.25389E-01      IXX =   0.2165E-03      IXX =   0.5980E-04
  YC = -0.25433E-01      IYY =   0.3242E-03      IYY =   0.1679E-03
  ZC =  0.12197E-01      IZZ =   0.4335E-03      IZZ =   0.1791E-03
                         IXY =   0.1273E-03      IXY =   0.6728E-07
                         IYZ =   0.6202E-04      IYZ =   0.9205E-06
                         IZX =  -0.6183E-04      IZX =  -0.8291E-06


  *** MASS SUMMARY BY ELEMENT TYPE ***

  TYPE      MASS
     1  0.196976    

 Range of element maximum matrix coefficients in global coordinates
 Maximum = 2.54597387 at element 2548.                                   
 Minimum = 1.161769282E-05 at element 23461.                             

   *** ELEMENT MATRIX FORMULATION TIMES
     TYPE    NUMBER   ENAME      TOTAL CP  AVE CP

        1     13810  SOLID291      0.078   0.000006
        2       824  SURF152       0.016   0.000019
        3      7188  SURF152       0.125   0.000017
 Time at end of element matrix formulation CP = 1.078125.                
     HT FLOW CONVERGENCE VALUE=  0.2209      CRITERION=  0.2209E-03

 DISTRIBUTED SPARSE MATRIX DIRECT SOLVER.
  Number of equations =       26747,    Maximum wavefront =    110


  Memory allocated on only this MPI rank (rank     0)
  -------------------------------------------------------------------
  Equation solver memory allocated                     =    14.566 MB
  Equation solver memory required for in-core mode     =    13.984 MB
  Equation solver memory required for out-of-core mode =     7.489 MB
  Total (solver and non-solver) memory allocated       =   498.637 MB


  Total memory summed across all MPI ranks on this machines
  -------------------------------------------------------------------
  Equation solver memory allocated                     =    56.160 MB
  Equation solver memory required for in-core mode     =    53.914 MB
  Equation solver memory required for out-of-core mode =    29.065 MB
  Total (solver and non-solver) memory allocated       =  1043.715 MB

 *** NOTE ***                            CP =       1.172   TIME= 21:46:39
 The Distributed Sparse Matrix Solver is currently running in the        
 in-core memory mode.  This memory mode uses the most amount of memory   
 in order to avoid using the hard drive as much as possible, which most  
 often results in the fastest solution time.  This mode is recommended   
 if enough physical memory is present to accommodate all of the solver   
 data.                                                                   
 Distributed sparse solver maximum pivot= 4.12202293 at node 24973 TEMP. 
 Distributed sparse solver minimum pivot= 8.91027929E-02 at node 1437    
 TEMP.                                                                   
 Distributed sparse solver minimum pivot in absolute value=              
 8.91027929E-02 at node 1437 TEMP.                                       
    EQUIL ITER   1 COMPLETED.  NEW TRIANG MATRIX.  MAX DOF INC=   29.90    
     HT FLOW CONVERGENCE VALUE=  0.1184E-01  CRITERION=  0.8645E-02
    EQUIL ITER   2 COMPLETED.  NEW TRIANG MATRIX.  MAX DOF INC=  -3.407    
     HT FLOW CONVERGENCE VALUE=  0.1799E-03  CRITERION=  0.7521E-02 <<< CONVERGED
    >>> SOLUTION CONVERGED AFTER EQUILIBRIUM ITERATION   2

   *** ELEMENT RESULT CALCULATION TIMES
     TYPE    NUMBER   ENAME      TOTAL CP  AVE CP

        1     13810  SOLID291      0.016   0.000001
        2       824  SURF152       0.000   0.000000
        3      7188  SURF152       0.078   0.000011

   *** NODAL LOAD CALCULATION TIMES
     TYPE    NUMBER   ENAME      TOTAL CP  AVE CP

        1     13810  SOLID291      0.062   0.000005
        2       824  SURF152       0.000   0.000000
        3      7188  SURF152       0.000   0.000000
 *** LOAD STEP     1   SUBSTEP     1  COMPLETED.    CUM ITER =      2
 *** TIME =   1.00000         TIME INC =   1.00000    


 *** MAPDL BINARY FILE STATISTICS
  BUFFER SIZE USED= 16384
        0.562 MB WRITTEN ON ELEMENT SAVED DATA FILE: file0.esav
        2.125 MB WRITTEN ON ASSEMBLED MATRIX FILE: file0.full
        2.375 MB WRITTEN ON RESULTS FILE: file0.rth
 *************** Write FE CONNECTORS *********

 WRITE OUT CONSTRAINT EQUATIONS TO FILE= file.ce                                                                                                                                                                                                                                                             
 ****************************************************
 *************** FINISHED SOLVE FOR LS 1 *************

 *GET  _WALLASOL  FROM  ACTI  ITEM=TIME WALL  VALUE=  21.7777778    

 FINISH SOLUTION PROCESSING


 ***** ROUTINE COMPLETED *****  CP =         1.484



 *** MAPDL - ENGINEERING ANALYSIS SYSTEM  RELEASE 2024 R2          24.2     ***
 Ansys Mechanical Enterprise Academic Student      
 01055371  VERSION=WINDOWS x64   21:46:40  NOV 20, 2024 CP=      1.484

 Heat Sink--Steady-State Thermal (A5)                                          



          ***** MAPDL RESULTS INTERPRETATION (POST1) *****

 *** NOTE ***                            CP =       1.484   TIME= 21:46:40
 Reading results into the database (SET command) will update the current 
 displacement and force boundary conditions in the database with the     
 values from the results file for that load set.  Note that any          
 subsequent solutions will use these values unless action is taken to    
 either SAVE the current values or not overwrite them (/EXIT,NOSAVE).    

 Set Encoding of XML File to:ISO-8859-1

 Set Output of XML File to:
     PARM,     ,     ,     ,     ,     ,     ,     ,     ,     ,     ,     ,
         ,     ,     ,     ,     ,     ,     ,

 DATABASE WRITTEN ON FILE  parm.xml                                                                                                                                                                                                                                                            

 EXIT THE MAPDL POST1 DATABASE PROCESSOR


 ***** ROUTINE COMPLETED *****  CP =         1.500



 PRINTOUT RESUMED BY /GOP

 *GET  _WALLDONE  FROM  ACTI  ITEM=TIME WALL  VALUE=  21.7777778    

 PARAMETER _PREPTIME =     1.000000000    

 PARAMETER _SOLVTIME =     1.000000000    

 PARAMETER _POSTTIME =     0.000000000    

 PARAMETER _TOTALTIM =     2.000000000    

 *GET  _DLBRATIO  FROM  ACTI  ITEM=SOLU DLBR  VALUE=  1.00439963    

 *GET  _COMBTIME  FROM  ACTI  ITEM=SOLU COMB  VALUE= 0.594368000E-01

 *GET  _SSMODE   FROM  ACTI  ITEM=SOLU SSMM  VALUE=  2.00000000    

 *GET  _NDOFS    FROM  ACTI  ITEM=SOLU NDOF  VALUE=  26747.0000    

 /FCLEAN COMMAND REMOVING ALL LOCAL FILES
 --- Total number of nodes = 26748
 --- Total number of elements = 21822
 --- Element load balance ratio = 1.00439963
 --- Time to combine distributed files = 5.94368E-02
 --- Sparse memory mode = 2
 --- Number of DOF = 26747

 EXIT MAPDL WITHOUT SAVING DATABASE


 NUMBER OF WARNING MESSAGES ENCOUNTERED=          1
 NUMBER OF ERROR   MESSAGES ENCOUNTERED=          0

+--------------------- M A P D L   S T A T I S T I C S ------------------------+

Release: 2024 R2            Build: 24.2       Update: UP20240513   Platform: WINDOWS x64 
Date Run: 11/20/2024   Time: 21:46     Process ID: 26884
Operating System: Windows 11  (Build: 22631)

Processor Model: AMD Ryzen 7 7840HS w/ Radeon 780M Graphics

Compiler: Intel(R) Fortran Compiler Classic Version 2021.9  (Build: 20230302)
          Intel(R) C/C++ Compiler Classic Version 2021.9  (Build: 20230302)
          AOCL-BLAS 4.2.1 Build 20240304

Number of machines requested            :    1
Total number of cores available         :   16
Number of physical cores available      :    8
Number of processes requested           :    4
Number of threads per process requested :    1
Total number of cores requested         :    4 (Distributed Memory Parallel)               
MPI Type: INTELMPI
MPI Version: Intel(R) MPI Library 2021.11 for Windows* OS


GPU Acceleration: Not Requested

Job Name: file0
Input File: dummy.dat

  Core                Machine Name   Working Directory
 -----------------------------------------------------
     0                      Minion   C:\Users\shrey\OneDrive\Desktop\Ansys\_ProjectScratch\Scr2C88
     1                      Minion   C:\Users\shrey\OneDrive\Desktop\Ansys\_ProjectScratch\Scr2C88
     2                      Minion   C:\Users\shrey\OneDrive\Desktop\Ansys\_ProjectScratch\Scr2C88
     3                      Minion   C:\Users\shrey\OneDrive\Desktop\Ansys\_ProjectScratch\Scr2C88
 
Latency time from master to core     1 =    3.529 microseconds
Latency time from master to core     2 =    3.137 microseconds
Latency time from master to core     3 =    3.057 microseconds
 
Communication speed from master to core     1 =  9697.79 MB/sec
Communication speed from master to core     2 = 12046.20 MB/sec
Communication speed from master to core     3 = 15612.50 MB/sec

Total CPU time for main thread                    :        0.7 seconds
Total CPU time summed for all threads             :        1.8 seconds

Elapsed time spent obtaining a license            :        0.4 seconds
Elapsed time spent pre-processing model (/PREP7)  :        0.1 seconds
Elapsed time spent solution - preprocessing       :        0.2 seconds
Elapsed time spent computing solution             :        0.9 seconds
Elapsed time spent solution - postprocessing      :        0.1 seconds
Elapsed time spent post-processing model (/POST1) :        0.0 seconds
 
Equation solver used                              :            Sparse (symmetric)
Equation solver computational rate                :       32.9 Gflops

Sum of disk space used on all processes           :       27.3 MB

Sum of memory used on all processes               :      703.0 MB
Sum of memory allocated on all processes          :     2880.0 MB
Physical memory available                         :         15 GB
Total amount of I/O written to disk               :        0.0 GB
Total amount of I/O read from disk                :        0.0 GB

+------------------ E N D   M A P D L   S T A T I S T I C S -------------------+


 *-----------------------------------------------------------------------------*
 |                                                                             |
 |                               RUN COMPLETED                                 |
 |                                                                             |
 |-----------------------------------------------------------------------------|
 |                                                                             |
 |  Ansys MAPDL 2024 R2         Build 24.2         UP20240513    WINDOWS x64   |
 |                                                                             |
 |-----------------------------------------------------------------------------|
 |                                                                             |
 |  Database Requested(-db)     1024 MB     Scratch Memory Requested   1024 MB |
 |  Max Database Used(Master)     23 MB     Max Scratch Used(Master)    176 MB |
 |  Max Database Used(Workers)     1 MB     Max Scratch Used(Workers)   167 MB |
 |  Sum Database Used(All)        26 MB     Sum Scratch Used(All)       677 MB |
 |                                                                             |
 |-----------------------------------------------------------------------------|
 |                                                                             |
 |        CP Time      (sec) =          1.844       Time  =  21:46:44          |
 |        Elapsed Time (sec) =          7.000       Date  =  11/20/2024        |
 |                                                                             |
 *-----------------------------------------------------------------------------*
